{"obj": {"type": "AssignString", "path": ["sys", "name"], "value": "Untitled"}, "version": 1}
{"obj": {"type": "AssignString", "path": ["sys", "description"], "value": ""}, "version": 2}
{"obj": {"type": "AssignString", "path": ["sys", "hostname"], "value": "Matthews-MacBook-Pro.local"}, "version": 3}
{"obj": {"type": "AssignBool", "path": ["sys", "failed"], "value": false}, "version": 4}
{"obj": {"type": "ClearStringLog", "path": ["monitoring", "stdout"]}, "version": 5}
{"obj": {"type": "ClearStringLog", "path": ["monitoring", "stderr"]}, "version": 6}
{"obj": {"type": "AssignString", "path": ["source_code", "entrypoint"], "value": "ddpg-antv2.py"}, "version": 7}
{"obj": {"type": "UploadFileSet", "path": ["source_code", "files"], "file_globs": ["/Users/RAO/Documents/GitHub/DDPG_Antv2/ddpg-antv2.py"], "reset": "False"}, "version": 8}
{"obj": {"type": "LogStrings", "path": ["monitoring", "stderr"], "values": [{"value": "Info (NVML): NVML Shared Library Not Found. GPU usage metrics may not be reported. For more information, see https://docs.neptune.ai/you-should-know/what-can-you-log-and-display#hardware-consumption\n", "step": null, "ts": 1642611489.885322}]}, "version": 9}
{"obj": {"type": "ConfigFloatSeries", "path": ["monitoring", "cpu"], "min": 0.0, "max": 100.0, "unit": "%"}, "version": 10}
{"obj": {"type": "ClearFloatLog", "path": ["monitoring", "cpu"]}, "version": 11}
{"obj": {"type": "ConfigFloatSeries", "path": ["monitoring", "memory"], "min": 0.0, "max": 8.0, "unit": "GB"}, "version": 12}
{"obj": {"type": "ClearFloatLog", "path": ["monitoring", "memory"]}, "version": 13}
{"obj": {"type": "LogFloats", "path": ["monitoring", "cpu"], "values": [{"value": 12.8, "step": null, "ts": 1642611489.88782}]}, "version": 14}
{"obj": {"type": "LogFloats", "path": ["monitoring", "memory"], "values": [{"value": 5.6700897216796875, "step": null, "ts": 1642611489.88782}]}, "version": 15}
{"obj": {"type": "AssignString", "path": ["network_hyperparameters", "Optimizer"], "value": "Adam"}, "version": 16}
{"obj": {"type": "AssignFloat", "path": ["network_hyperparameters", "Value-learning_rate"], "value": 0.0001}, "version": 17}
{"obj": {"type": "AssignFloat", "path": ["network_hyperparameters", "Policy-learning_rate"], "value": 0.0001}, "version": 18}
{"obj": {"type": "AssignString", "path": ["network_hyperparameters", "loss_fn_value"], "value": "MSE"}, "version": 19}
{"obj": {"type": "AssignString", "path": ["network_sizes", "ValueNet_size"], "value": "(119,400,300,1)"}, "version": 20}
{"obj": {"type": "AssignString", "path": ["network_sizes", "PolicyNet_size"], "value": "(111,400,300,8)"}, "version": 21}
{"obj": {"type": "AssignInt", "path": ["buffer_parameters", "buffer_maxsize"], "value": 15000}, "version": 22}
{"obj": {"type": "AssignInt", "path": ["buffer_parameters", "batch_size"], "value": 128}, "version": 23}
{"obj": {"type": "AssignInt", "path": ["buffer_parameters", "min_size_train"], "value": 1000}, "version": 24}
{"obj": {"type": "AssignFloat", "path": ["policy_parameters", "exploration_noise"], "value": 0.1}, "version": 25}
{"obj": {"type": "AssignFloat", "path": ["policy_parameters", "policy_smoothing"], "value": 0.1}, "version": 26}
{"obj": {"type": "AssignFloat", "path": ["environment_parameters", "gamma"], "value": 0.99}, "version": 27}
{"obj": {"type": "AssignString", "path": ["environment_parameters", "env_name"], "value": "Ant-v2"}, "version": 28}
{"obj": {"type": "AssignInt", "path": ["environment_parameters", "episodes"], "value": 1000}, "version": 29}
{"obj": {"type": "AssignFloat", "path": ["environment_parameters", "gamma"], "value": 0.99}, "version": 30}
{"obj": {"type": "AssignString", "path": ["environment_parameters", "env_name"], "value": "Ant-v2"}, "version": 31}
{"obj": {"type": "AssignInt", "path": ["environment_parameters", "episodes"], "value": 1000}, "version": 32}
{"obj": {"type": "LogFloats", "path": ["train", "episode_reward"], "values": [{"value": 922.8861322809842, "step": null, "ts": 1642611491.412692}]}, "version": 33}
{"obj": {"type": "LogStrings", "path": ["monitoring", "traceback"], "values": [{"value": "An uncaught exception occurred while run was active on worker Matthews-MacBook-Pro.local.", "step": null, "ts": 1642611491.4130151}, {"value": "Marking run as failed", "step": null, "ts": 1642611491.4130151}, {"value": "Traceback:", "step": null, "ts": 1642611491.4130151}, {"value": "  File \"ddpg-antv2.py\", line 199, in <module>\n    training_loop.training_loop()\n", "step": null, "ts": 1642611491.4130151}, {"value": "  File \"ddpg-antv2.py\", line 189, in training_loop\n    self.log()\n", "step": null, "ts": 1642611491.4130151}, {"value": "  File \"ddpg-antv2.py\", line 166, in log\n    if not val_losses:\n", "step": null, "ts": 1642611491.4130151}, {"value": "name 'val_losses' is not defined", "step": null, "ts": 1642611491.4130151}]}, "version": 34}
{"obj": {"type": "AssignBool", "path": ["sys", "failed"], "value": true}, "version": 35}
{"obj": {"type": "LogStrings", "path": ["monitoring", "stderr"], "values": [{"value": "Traceback (most recent call last):\n", "step": null, "ts": 1642611491.41324}]}, "version": 36}
{"obj": {"type": "LogStrings", "path": ["monitoring", "stderr"], "values": [{"value": "  File \"ddpg-antv2.py\", line 199, in <module>\n", "step": null, "ts": 1642611491.413323}]}, "version": 37}
{"obj": {"type": "LogStrings", "path": ["monitoring", "stderr"], "values": [{"value": "    ", "step": null, "ts": 1642611491.413558}]}, "version": 38}
{"obj": {"type": "LogStrings", "path": ["monitoring", "stderr"], "values": [{"value": "training_loop.training_loop()", "step": null, "ts": 1642611491.413635}]}, "version": 39}
{"obj": {"type": "LogStrings", "path": ["monitoring", "stderr"], "values": [{"value": "\n", "step": null, "ts": 1642611491.4137092}]}, "version": 40}
{"obj": {"type": "LogStrings", "path": ["monitoring", "stderr"], "values": [{"value": "  File \"ddpg-antv2.py\", line 189, in training_loop\n", "step": null, "ts": 1642611491.4137821}]}, "version": 41}
{"obj": {"type": "LogStrings", "path": ["monitoring", "stderr"], "values": [{"value": "    ", "step": null, "ts": 1642611491.413959}]}, "version": 42}
{"obj": {"type": "LogStrings", "path": ["monitoring", "stderr"], "values": [{"value": "self.log()", "step": null, "ts": 1642611491.414031}]}, "version": 43}
{"obj": {"type": "LogStrings", "path": ["monitoring", "stderr"], "values": [{"value": "\n", "step": null, "ts": 1642611491.414102}]}, "version": 44}
{"obj": {"type": "LogStrings", "path": ["monitoring", "stderr"], "values": [{"value": "  File \"ddpg-antv2.py\", line 166, in log\n", "step": null, "ts": 1642611491.4141738}]}, "version": 45}
{"obj": {"type": "LogStrings", "path": ["monitoring", "stderr"], "values": [{"value": "    ", "step": null, "ts": 1642611491.414345}]}, "version": 46}
{"obj": {"type": "LogStrings", "path": ["monitoring", "stderr"], "values": [{"value": "if not val_losses:", "step": null, "ts": 1642611491.4144158}]}, "version": 47}
{"obj": {"type": "LogStrings", "path": ["monitoring", "stderr"], "values": [{"value": "\n", "step": null, "ts": 1642611491.414486}]}, "version": 48}
{"obj": {"type": "LogStrings", "path": ["monitoring", "stderr"], "values": [{"value": "NameError", "step": null, "ts": 1642611491.414558}]}, "version": 49}
{"obj": {"type": "LogStrings", "path": ["monitoring", "stderr"], "values": [{"value": ": ", "step": null, "ts": 1642611491.4146209}]}, "version": 50}
{"obj": {"type": "LogStrings", "path": ["monitoring", "stderr"], "values": [{"value": "name 'val_losses' is not defined", "step": null, "ts": 1642611491.4146821}]}, "version": 51}
{"obj": {"type": "LogStrings", "path": ["monitoring", "stderr"], "values": [{"value": "\n", "step": null, "ts": 1642611491.414748}]}, "version": 52}
{"obj": {"type": "LogStrings", "path": ["monitoring", "stdout"], "values": [{"value": "", "step": null, "ts": 1642611491.414871}]}, "version": 53}
{"obj": {"type": "LogStrings", "path": ["monitoring", "stdout"], "values": [{"value": "Shutting down background jobs, please wait a moment...\n", "step": null, "ts": 1642611491.4149718}]}, "version": 54}
