{"obj": {"type": "AssignString", "path": ["sys", "name"], "value": "Untitled"}, "version": 1}
{"obj": {"type": "AssignString", "path": ["sys", "description"], "value": ""}, "version": 2}
{"obj": {"type": "AssignString", "path": ["sys", "hostname"], "value": "Matthews-MacBook-Pro.local"}, "version": 3}
{"obj": {"type": "AssignBool", "path": ["sys", "failed"], "value": false}, "version": 4}
{"obj": {"type": "ClearStringLog", "path": ["monitoring", "stdout"]}, "version": 5}
{"obj": {"type": "ClearStringLog", "path": ["monitoring", "stderr"]}, "version": 6}
{"obj": {"type": "AssignString", "path": ["source_code", "entrypoint"], "value": "ddpg-antv2.py"}, "version": 7}
{"obj": {"type": "UploadFileSet", "path": ["source_code", "files"], "file_globs": ["/Users/RAO/Documents/GitHub/DDPG_Antv2/ddpg-antv2.py"], "reset": "False"}, "version": 8}
{"obj": {"type": "LogStrings", "path": ["monitoring", "stderr"], "values": [{"value": "Info (NVML): NVML Shared Library Not Found. GPU usage metrics may not be reported. For more information, see https://docs.neptune.ai/you-should-know/what-can-you-log-and-display#hardware-consumption\n", "step": null, "ts": 1642384832.8715131}]}, "version": 9}
{"obj": {"type": "ConfigFloatSeries", "path": ["monitoring", "cpu"], "min": 0.0, "max": 100.0, "unit": "%"}, "version": 10}
{"obj": {"type": "ClearFloatLog", "path": ["monitoring", "cpu"]}, "version": 11}
{"obj": {"type": "ConfigFloatSeries", "path": ["monitoring", "memory"], "min": 0.0, "max": 8.0, "unit": "GB"}, "version": 12}
{"obj": {"type": "ClearFloatLog", "path": ["monitoring", "memory"]}, "version": 13}
{"obj": {"type": "LogFloats", "path": ["monitoring", "cpu"], "values": [{"value": 20.6, "step": null, "ts": 1642384832.873392}]}, "version": 14}
{"obj": {"type": "LogFloats", "path": ["monitoring", "memory"], "values": [{"value": 5.484584808349609, "step": null, "ts": 1642384832.873392}]}, "version": 15}
{"obj": {"type": "AssignString", "path": ["network_hyperparameters", "Optimizer"], "value": "Adam"}, "version": 16}
{"obj": {"type": "AssignFloat", "path": ["network_hyperparameters", "Value-learning_rate"], "value": 0.0001}, "version": 17}
{"obj": {"type": "AssignFloat", "path": ["network_hyperparameters", "Policy-learning_rate"], "value": 0.0001}, "version": 18}
{"obj": {"type": "AssignString", "path": ["network_hyperparameters", "loss_fn_value"], "value": "MSE"}, "version": 19}
{"obj": {"type": "AssignString", "path": ["network_sizes", "ValueNet_size"], "value": "(119,400,300,1)"}, "version": 20}
{"obj": {"type": "AssignString", "path": ["network_sizes", "PolicyNet_size"], "value": "(111,400,300,8)"}, "version": 21}
{"obj": {"type": "AssignInt", "path": ["buffer_parameters", "buffer_maxsize"], "value": 15000}, "version": 22}
{"obj": {"type": "AssignInt", "path": ["buffer_parameters", "batch_size"], "value": 100}, "version": 23}
{"obj": {"type": "AssignInt", "path": ["buffer_parameters", "min_size_train"], "value": 1000}, "version": 24}
{"obj": {"type": "AssignFloat", "path": ["policy_parameters", "exploration_noise"], "value": 0.1}, "version": 25}
{"obj": {"type": "AssignFloat", "path": ["policy_parameters", "policy_smoothing"], "value": 0.1}, "version": 26}
{"obj": {"type": "AssignFloat", "path": ["environment_parameters", "gamma"], "value": 0.99}, "version": 27}
{"obj": {"type": "AssignString", "path": ["environment_parameters", "env_name"], "value": "Ant-v2"}, "version": 28}
{"obj": {"type": "AssignInt", "path": ["environment_parameters", "episodes"], "value": 1000}, "version": 29}
{"obj": {"type": "AssignInt", "path": ["environment_parameters", "steps_target"], "value": 10000}, "version": 30}
{"obj": {"type": "LogFloats", "path": ["train", "episode_reward"], "values": [{"value": 953.9058203199329, "step": null, "ts": 1642384834.469853}]}, "version": 31}
{"obj": {"type": "LogFloats", "path": ["train", "mean_episodic_value_loss"], "values": [{"value": 0.0, "step": null, "ts": 1642384834.470124}]}, "version": 32}
{"obj": {"type": "LogFloats", "path": ["train", "mean_episodic_policy_loss"], "values": [{"value": 0.0, "step": null, "ts": 1642384834.470238}]}, "version": 33}
{"obj": {"type": "LogFloats", "path": ["monitoring", "cpu"], "values": [{"value": 31.8, "step": null, "ts": 1642384842.878464}]}, "version": 34}
{"obj": {"type": "LogFloats", "path": ["monitoring", "memory"], "values": [{"value": 5.554206848144531, "step": null, "ts": 1642384842.878464}]}, "version": 35}
{"obj": {"type": "LogFloats", "path": ["train", "episode_reward"], "values": [{"value": -337.3498696001667, "step": null, "ts": 1642384843.8203661}]}, "version": 36}
{"obj": {"type": "LogFloats", "path": ["train", "mean_episodic_value_loss"], "values": [{"value": 0.06637490540742874, "step": null, "ts": 1642384843.828114}]}, "version": 37}
{"obj": {"type": "LogFloats", "path": ["train", "mean_episodic_policy_loss"], "values": [{"value": -0.7569996118545532, "step": null, "ts": 1642384843.8282838}]}, "version": 38}
{"obj": {"type": "LogFloats", "path": ["train", "episode_reward"], "values": [{"value": -39.86958101055552, "step": null, "ts": 1642384851.1163871}]}, "version": 39}
{"obj": {"type": "LogFloats", "path": ["train", "mean_episodic_value_loss"], "values": [{"value": 0.01690625585615635, "step": null, "ts": 1642384851.14097}]}, "version": 40}
{"obj": {"type": "LogFloats", "path": ["train", "mean_episodic_policy_loss"], "values": [{"value": -0.7206541895866394, "step": null, "ts": 1642384851.1411378}]}, "version": 41}
{"obj": {"type": "LogFloats", "path": ["train", "episode_reward"], "values": [{"value": -86.0205058898858, "step": null, "ts": 1642384851.886592}]}, "version": 42}
{"obj": {"type": "LogFloats", "path": ["train", "mean_episodic_value_loss"], "values": [{"value": 0.02238582819700241, "step": null, "ts": 1642384851.9060721}]}, "version": 43}
{"obj": {"type": "LogFloats", "path": ["train", "mean_episodic_policy_loss"], "values": [{"value": -0.651673436164856, "step": null, "ts": 1642384851.906232}]}, "version": 44}
{"obj": {"type": "LogFloats", "path": ["train", "episode_reward"], "values": [{"value": -38.47827638067745, "step": null, "ts": 1642384852.1895611}]}, "version": 45}
{"obj": {"type": "LogFloats", "path": ["train", "mean_episodic_value_loss"], "values": [{"value": 0.0312943272292614, "step": null, "ts": 1642384852.19272}]}, "version": 46}
{"obj": {"type": "LogFloats", "path": ["train", "mean_episodic_policy_loss"], "values": [{"value": -0.6561492681503296, "step": null, "ts": 1642384852.192866}]}, "version": 47}
{"obj": {"type": "LogFloats", "path": ["train", "episode_reward"], "values": [{"value": -30.37833933077792, "step": null, "ts": 1642384852.602005}]}, "version": 48}
{"obj": {"type": "LogFloats", "path": ["train", "mean_episodic_value_loss"], "values": [{"value": 0.03611348941922188, "step": null, "ts": 1642384852.6030521}]}, "version": 49}
{"obj": {"type": "LogFloats", "path": ["train", "mean_episodic_policy_loss"], "values": [{"value": -0.5819717645645142, "step": null, "ts": 1642384852.60318}]}, "version": 50}
{"obj": {"type": "LogFloats", "path": ["monitoring", "cpu"], "values": [{"value": 37.1, "step": null, "ts": 1642384852.881115}]}, "version": 51}
{"obj": {"type": "LogFloats", "path": ["monitoring", "memory"], "values": [{"value": 5.654842376708984, "step": null, "ts": 1642384852.881115}]}, "version": 52}
{"obj": {"type": "LogFloats", "path": ["train", "episode_reward"], "values": [{"value": -35.713897014737, "step": null, "ts": 1642384853.474838}]}, "version": 53}
{"obj": {"type": "LogFloats", "path": ["train", "mean_episodic_value_loss"], "values": [{"value": 0.0315600223839283, "step": null, "ts": 1642384853.4763362}]}, "version": 54}
{"obj": {"type": "LogFloats", "path": ["train", "mean_episodic_policy_loss"], "values": [{"value": -0.619392454624176, "step": null, "ts": 1642384853.4764411}]}, "version": 55}
{"obj": {"type": "LogFloats", "path": ["train", "episode_reward"], "values": [{"value": -0.3027867572696925, "step": null, "ts": 1642384854.883083}]}, "version": 56}
{"obj": {"type": "LogFloats", "path": ["train", "mean_episodic_value_loss"], "values": [{"value": 0.028853580355644226, "step": null, "ts": 1642384854.885656}]}, "version": 57}
{"obj": {"type": "LogFloats", "path": ["train", "mean_episodic_policy_loss"], "values": [{"value": -0.5790377259254456, "step": null, "ts": 1642384854.8857942}]}, "version": 58}
{"obj": {"type": "LogFloats", "path": ["train", "episode_reward"], "values": [{"value": -9.90535896483475, "step": null, "ts": 1642384855.134572}]}, "version": 59}
{"obj": {"type": "LogFloats", "path": ["train", "mean_episodic_value_loss"], "values": [{"value": 0.029817556962370872, "step": null, "ts": 1642384855.13836}]}, "version": 60}
{"obj": {"type": "LogFloats", "path": ["train", "mean_episodic_policy_loss"], "values": [{"value": -0.5451120138168335, "step": null, "ts": 1642384855.1385212}]}, "version": 61}
{"obj": {"type": "LogFloats", "path": ["train", "episode_reward"], "values": [{"value": -1.9502527998873473, "step": null, "ts": 1642384855.309667}]}, "version": 62}
{"obj": {"type": "LogFloats", "path": ["train", "mean_episodic_value_loss"], "values": [{"value": 0.0304733794182539, "step": null, "ts": 1642384855.310557}]}, "version": 63}
{"obj": {"type": "LogFloats", "path": ["train", "mean_episodic_policy_loss"], "values": [{"value": -0.5074207186698914, "step": null, "ts": 1642384855.310666}]}, "version": 64}
{"obj": {"type": "LogFloats", "path": ["train", "episode_reward"], "values": [{"value": 9.846665982204978, "step": null, "ts": 1642384856.151087}]}, "version": 65}
{"obj": {"type": "LogFloats", "path": ["train", "mean_episodic_value_loss"], "values": [{"value": 0.030761633068323135, "step": null, "ts": 1642384856.152263}]}, "version": 66}
{"obj": {"type": "LogFloats", "path": ["train", "mean_episodic_policy_loss"], "values": [{"value": -0.5550590753555298, "step": null, "ts": 1642384856.1523998}]}, "version": 67}
{"obj": {"type": "LogFloats", "path": ["train", "episode_reward"], "values": [{"value": 5.456490744795827, "step": null, "ts": 1642384856.7434912}]}, "version": 68}
{"obj": {"type": "LogFloats", "path": ["train", "mean_episodic_value_loss"], "values": [{"value": 0.030379196628928185, "step": null, "ts": 1642384856.745504}]}, "version": 69}
{"obj": {"type": "LogFloats", "path": ["train", "mean_episodic_policy_loss"], "values": [{"value": -0.5178913474082947, "step": null, "ts": 1642384856.7456279}]}, "version": 70}
{"obj": {"type": "LogFloats", "path": ["monitoring", "cpu"], "values": [{"value": 34.5, "step": null, "ts": 1642384862.884067}]}, "version": 71}
{"obj": {"type": "LogFloats", "path": ["monitoring", "memory"], "values": [{"value": 5.508380889892578, "step": null, "ts": 1642384862.884067}]}, "version": 72}
{"obj": {"type": "LogFloats", "path": ["train", "episode_reward"], "values": [{"value": -373.1447701011828, "step": null, "ts": 1642384865.876194}]}, "version": 73}
{"obj": {"type": "LogFloats", "path": ["train", "mean_episodic_value_loss"], "values": [{"value": 0.030104944482445717, "step": null, "ts": 1642384865.8826282}]}, "version": 74}
{"obj": {"type": "LogFloats", "path": ["train", "mean_episodic_policy_loss"], "values": [{"value": -0.47603437304496765, "step": null, "ts": 1642384865.8827698}]}, "version": 75}
{"obj": {"type": "LogFloats", "path": ["train", "episode_reward"], "values": [{"value": -46.64294336183751, "step": null, "ts": 1642384866.8007832}]}, "version": 76}
{"obj": {"type": "LogFloats", "path": ["train", "mean_episodic_value_loss"], "values": [{"value": 0.030077526345849037, "step": null, "ts": 1642384866.820162}]}, "version": 77}
{"obj": {"type": "LogFloats", "path": ["train", "mean_episodic_policy_loss"], "values": [{"value": -0.3839629292488098, "step": null, "ts": 1642384866.8203032}]}, "version": 78}
{"obj": {"type": "LogFloats", "path": ["monitoring", "cpu"], "values": [{"value": 30.5, "step": null, "ts": 1642384872.8878138}]}, "version": 79}
{"obj": {"type": "LogFloats", "path": ["monitoring", "memory"], "values": [{"value": 5.5245819091796875, "step": null, "ts": 1642384872.8878138}]}, "version": 80}
{"obj": {"type": "LogFloats", "path": ["train", "episode_reward"], "values": [{"value": 34.797090535268346, "step": null, "ts": 1642384876.069862}]}, "version": 81}
{"obj": {"type": "LogFloats", "path": ["train", "mean_episodic_value_loss"], "values": [{"value": 0.03045378066599369, "step": null, "ts": 1642384876.077141}]}, "version": 82}
{"obj": {"type": "LogFloats", "path": ["train", "mean_episodic_policy_loss"], "values": [{"value": -0.3582251965999603, "step": null, "ts": 1642384876.077282}]}, "version": 83}
{"obj": {"type": "LogStrings", "path": ["monitoring", "traceback"], "values": [{"value": "An uncaught exception occurred while run was active on worker Matthews-MacBook-Pro.local.", "step": null, "ts": 1642384878.057523}, {"value": "Marking run as failed", "step": null, "ts": 1642384878.057523}, {"value": "Traceback:", "step": null, "ts": 1642384878.057523}, {"value": "  File \"ddpg-antv2.py\", line 132, in <module>\n    value_optim.step()\n", "step": null, "ts": 1642384878.057523}, {"value": "  File \"/Users/RAO/opt/anaconda3/lib/python3.8/site-packages/torch/optim/optimizer.py\", line 89, in wrapper\n    return func(*args, **kwargs)\n", "step": null, "ts": 1642384878.057523}, {"value": "  File \"/Users/RAO/opt/anaconda3/lib/python3.8/site-packages/torch/autograd/grad_mode.py\", line 27, in decorate_context\n    return func(*args, **kwargs)\n", "step": null, "ts": 1642384878.057523}, {"value": "  File \"/Users/RAO/opt/anaconda3/lib/python3.8/site-packages/torch/optim/adam.py\", line 96, in step\n    exp_avgs.append(state['exp_avg'])\n", "step": null, "ts": 1642384878.057523}, {"value": "", "step": null, "ts": 1642384878.057523}]}, "version": 84}
{"obj": {"type": "AssignBool", "path": ["sys", "failed"], "value": true}, "version": 85}
{"obj": {"type": "LogStrings", "path": ["monitoring", "stderr"], "values": [{"value": "Traceback (most recent call last):\n", "step": null, "ts": 1642384878.0582578}]}, "version": 86}
{"obj": {"type": "LogStrings", "path": ["monitoring", "stderr"], "values": [{"value": "  File \"ddpg-antv2.py\", line 132, in <module>\n", "step": null, "ts": 1642384878.0584111}]}, "version": 87}
{"obj": {"type": "LogStrings", "path": ["monitoring", "stderr"], "values": [{"value": "    ", "step": null, "ts": 1642384878.058775}]}, "version": 88}
{"obj": {"type": "LogStrings", "path": ["monitoring", "stderr"], "values": [{"value": "value_optim.step()", "step": null, "ts": 1642384878.058895}]}, "version": 89}
{"obj": {"type": "LogStrings", "path": ["monitoring", "stderr"], "values": [{"value": "\n", "step": null, "ts": 1642384878.0590138}]}, "version": 90}
{"obj": {"type": "LogStrings", "path": ["monitoring", "stderr"], "values": [{"value": "  File \"/Users/RAO/opt/anaconda3/lib/python3.8/site-packages/torch/optim/optimizer.py\", line 89, in wrapper\n", "step": null, "ts": 1642384878.0591328}]}, "version": 91}
{"obj": {"type": "LogStrings", "path": ["monitoring", "stderr"], "values": [{"value": "    ", "step": null, "ts": 1642384878.059403}]}, "version": 92}
{"obj": {"type": "LogStrings", "path": ["monitoring", "stderr"], "values": [{"value": "return func(*args, **kwargs)", "step": null, "ts": 1642384878.059519}]}, "version": 93}
{"obj": {"type": "LogStrings", "path": ["monitoring", "stderr"], "values": [{"value": "\n", "step": null, "ts": 1642384878.059635}]}, "version": 94}
{"obj": {"type": "LogStrings", "path": ["monitoring", "stderr"], "values": [{"value": "  File \"/Users/RAO/opt/anaconda3/lib/python3.8/site-packages/torch/autograd/grad_mode.py\", line 27, in decorate_context\n", "step": null, "ts": 1642384878.059756}]}, "version": 95}
{"obj": {"type": "LogStrings", "path": ["monitoring", "stderr"], "values": [{"value": "    ", "step": null, "ts": 1642384878.0599859}]}, "version": 96}
{"obj": {"type": "LogStrings", "path": ["monitoring", "stderr"], "values": [{"value": "return func(*args, **kwargs)", "step": null, "ts": 1642384878.060069}]}, "version": 97}
{"obj": {"type": "LogStrings", "path": ["monitoring", "stderr"], "values": [{"value": "\n", "step": null, "ts": 1642384878.060147}]}, "version": 98}
{"obj": {"type": "LogStrings", "path": ["monitoring", "stderr"], "values": [{"value": "  File \"/Users/RAO/opt/anaconda3/lib/python3.8/site-packages/torch/optim/adam.py\", line 96, in step\n", "step": null, "ts": 1642384878.060267}]}, "version": 99}
{"obj": {"type": "LogStrings", "path": ["monitoring", "stderr"], "values": [{"value": "    ", "step": null, "ts": 1642384878.0604942}]}, "version": 100}
{"obj": {"type": "LogStrings", "path": ["monitoring", "stderr"], "values": [{"value": "exp_avgs.append(state['exp_avg'])", "step": null, "ts": 1642384878.060585}]}, "version": 101}
{"obj": {"type": "LogStrings", "path": ["monitoring", "stderr"], "values": [{"value": "\n", "step": null, "ts": 1642384878.0606651}]}, "version": 102}
{"obj": {"type": "LogStrings", "path": ["monitoring", "stderr"], "values": [{"value": "KeyboardInterrupt", "step": null, "ts": 1642384878.060771}]}, "version": 103}
{"obj": {"type": "LogStrings", "path": ["monitoring", "stderr"], "values": [{"value": "", "step": null, "ts": 1642384878.060843}]}, "version": 104}
{"obj": {"type": "LogStrings", "path": ["monitoring", "stderr"], "values": [{"value": "\n", "step": null, "ts": 1642384878.0609128}]}, "version": 105}
{"obj": {"type": "LogStrings", "path": ["monitoring", "stdout"], "values": [{"value": "", "step": null, "ts": 1642384878.06111}]}, "version": 106}
{"obj": {"type": "LogStrings", "path": ["monitoring", "stdout"], "values": [{"value": "Shutting down background jobs, please wait a moment...\n", "step": null, "ts": 1642384878.061252}]}, "version": 107}
