{"obj": {"type": "AssignString", "path": ["sys", "name"], "value": "Untitled"}, "version": 1}
{"obj": {"type": "AssignString", "path": ["sys", "description"], "value": ""}, "version": 2}
{"obj": {"type": "AssignString", "path": ["sys", "hostname"], "value": "Matthews-MacBook-Pro.local"}, "version": 3}
{"obj": {"type": "AssignBool", "path": ["sys", "failed"], "value": false}, "version": 4}
{"obj": {"type": "ClearStringLog", "path": ["monitoring", "stdout"]}, "version": 5}
{"obj": {"type": "ClearStringLog", "path": ["monitoring", "stderr"]}, "version": 6}
{"obj": {"type": "AssignString", "path": ["source_code", "entrypoint"], "value": "ddpg-antv2.py"}, "version": 7}
{"obj": {"type": "UploadFileSet", "path": ["source_code", "files"], "file_globs": ["/Users/RAO/Documents/GitHub/DDPG_Antv2/ddpg-antv2.py"], "reset": "False"}, "version": 8}
{"obj": {"type": "LogStrings", "path": ["monitoring", "stderr"], "values": [{"value": "Info (NVML): NVML Shared Library Not Found. GPU usage metrics may not be reported. For more information, see https://docs.neptune.ai/you-should-know/what-can-you-log-and-display#hardware-consumption\n", "step": null, "ts": 1642301139.303471}]}, "version": 9}
{"obj": {"type": "ConfigFloatSeries", "path": ["monitoring", "cpu"], "min": 0.0, "max": 100.0, "unit": "%"}, "version": 10}
{"obj": {"type": "ClearFloatLog", "path": ["monitoring", "cpu"]}, "version": 11}
{"obj": {"type": "ConfigFloatSeries", "path": ["monitoring", "memory"], "min": 0.0, "max": 8.0, "unit": "GB"}, "version": 12}
{"obj": {"type": "ClearFloatLog", "path": ["monitoring", "memory"]}, "version": 13}
{"obj": {"type": "LogFloats", "path": ["monitoring", "cpu"], "values": [{"value": 24.6, "step": null, "ts": 1642301139.306161}]}, "version": 14}
{"obj": {"type": "LogFloats", "path": ["monitoring", "memory"], "values": [{"value": 6.060600280761719, "step": null, "ts": 1642301139.306161}]}, "version": 15}
{"obj": {"type": "AssignString", "path": ["network_hyperparameters", "Optimizer"], "value": "Adam"}, "version": 16}
{"obj": {"type": "AssignFloat", "path": ["network_hyperparameters", "Value-learning_rate"], "value": 0.0001}, "version": 17}
{"obj": {"type": "AssignFloat", "path": ["network_hyperparameters", "Policy-learning_rate"], "value": 0.0001}, "version": 18}
{"obj": {"type": "AssignString", "path": ["network_hyperparameters", "loss_fn_value"], "value": "MSE"}, "version": 19}
{"obj": {"type": "AssignString", "path": ["network_sizes", "ValueNet_size"], "value": "(119,400,300,1)"}, "version": 20}
{"obj": {"type": "AssignString", "path": ["network_sizes", "PolicyNet_size"], "value": "(111,400,300,8)"}, "version": 21}
{"obj": {"type": "AssignInt", "path": ["buffer_parameters", "buffer_maxsize"], "value": 15000}, "version": 22}
{"obj": {"type": "AssignInt", "path": ["buffer_parameters", "batch_size"], "value": 100}, "version": 23}
{"obj": {"type": "AssignInt", "path": ["buffer_parameters", "min_size_train"], "value": 1000}, "version": 24}
{"obj": {"type": "AssignFloat", "path": ["policy_parameters", "exploration_noise"], "value": 0.1}, "version": 25}
{"obj": {"type": "AssignFloat", "path": ["policy_parameters", "policy_smoothing"], "value": 0.1}, "version": 26}
{"obj": {"type": "AssignFloat", "path": ["environment_parameters", "gamma"], "value": 0.99}, "version": 27}
{"obj": {"type": "AssignString", "path": ["environment_parameters", "env_name"], "value": "Ant-v2"}, "version": 28}
{"obj": {"type": "AssignInt", "path": ["environment_parameters", "episodes"], "value": 10000}, "version": 29}
{"obj": {"type": "AssignInt", "path": ["environment_parameters", "steps_target"], "value": 10000}, "version": 30}
{"obj": {"type": "LogFloats", "path": ["train", "episode_reward"], "values": [{"value": 954.2638621662626, "step": null, "ts": 1642301140.944897}]}, "version": 31}
{"obj": {"type": "LogFloats", "path": ["train", "mean_episodic_value_loss"], "values": [{"value": 0.0, "step": null, "ts": 1642301140.945164}]}, "version": 32}
{"obj": {"type": "LogFloats", "path": ["train", "mean_episodic_policy_loss"], "values": [{"value": 0.0, "step": null, "ts": 1642301140.9452958}]}, "version": 33}
{"obj": {"type": "LogFloats", "path": ["monitoring", "cpu"], "values": [{"value": 40.0, "step": null, "ts": 1642301149.310813}]}, "version": 34}
{"obj": {"type": "LogFloats", "path": ["monitoring", "memory"], "values": [{"value": 6.08740234375, "step": null, "ts": 1642301149.310813}]}, "version": 35}
{"obj": {"type": "LogFloats", "path": ["train", "episode_reward"], "values": [{"value": -1627.616830943976, "step": null, "ts": 1642301153.534595}]}, "version": 36}
{"obj": {"type": "LogFloats", "path": ["train", "mean_episodic_value_loss"], "values": [{"value": 0.1562051922082901, "step": null, "ts": 1642301153.544053}]}, "version": 37}
{"obj": {"type": "LogFloats", "path": ["train", "mean_episodic_policy_loss"], "values": [{"value": -0.6618123650550842, "step": null, "ts": 1642301153.54422}]}, "version": 38}
{"obj": {"type": "LogFloats", "path": ["monitoring", "cpu"], "values": [{"value": 29.4, "step": null, "ts": 1642301159.3123891}]}, "version": 39}
{"obj": {"type": "LogFloats", "path": ["monitoring", "memory"], "values": [{"value": 6.075126647949219, "step": null, "ts": 1642301159.3123891}]}, "version": 40}
{"obj": {"type": "LogFloats", "path": ["train", "episode_reward"], "values": [{"value": -336.3760144281338, "step": null, "ts": 1642301164.797882}]}, "version": 41}
{"obj": {"type": "LogFloats", "path": ["train", "mean_episodic_value_loss"], "values": [{"value": 0.03978540748357773, "step": null, "ts": 1642301164.832701}]}, "version": 42}
{"obj": {"type": "LogFloats", "path": ["train", "mean_episodic_policy_loss"], "values": [{"value": -0.6278152465820312, "step": null, "ts": 1642301164.8328588}]}, "version": 43}
{"obj": {"type": "LogFloats", "path": ["train", "episode_reward"], "values": [{"value": 1.7064667496674595, "step": null, "ts": 1642301166.604243}]}, "version": 44}
{"obj": {"type": "LogFloats", "path": ["train", "mean_episodic_value_loss"], "values": [{"value": 0.02904970571398735, "step": null, "ts": 1642301166.6439402}]}, "version": 45}
{"obj": {"type": "LogFloats", "path": ["train", "mean_episodic_policy_loss"], "values": [{"value": -0.6795141100883484, "step": null, "ts": 1642301166.644109}]}, "version": 46}
{"obj": {"type": "LogFloats", "path": ["monitoring", "cpu"], "values": [{"value": 26.1, "step": null, "ts": 1642301169.3175528}]}, "version": 47}
{"obj": {"type": "LogFloats", "path": ["monitoring", "memory"], "values": [{"value": 6.03424072265625, "step": null, "ts": 1642301169.3175528}]}, "version": 48}
{"obj": {"type": "LogFloats", "path": ["train", "episode_reward"], "values": [{"value": 107.64019972213715, "step": null, "ts": 1642301177.566352}]}, "version": 49}
{"obj": {"type": "LogFloats", "path": ["train", "mean_episodic_value_loss"], "values": [{"value": 0.027281729504466057, "step": null, "ts": 1642301177.577914}]}, "version": 50}
{"obj": {"type": "LogFloats", "path": ["train", "mean_episodic_policy_loss"], "values": [{"value": -0.7094219923019409, "step": null, "ts": 1642301177.578059}]}, "version": 51}
{"obj": {"type": "LogFloats", "path": ["monitoring", "cpu"], "values": [{"value": 24.0, "step": null, "ts": 1642301179.319749}]}, "version": 52}
{"obj": {"type": "LogFloats", "path": ["monitoring", "memory"], "values": [{"value": 6.080020904541016, "step": null, "ts": 1642301179.319749}]}, "version": 53}
{"obj": {"type": "LogFloats", "path": ["train", "episode_reward"], "values": [{"value": 497.8449133640128, "step": null, "ts": 1642301188.767052}]}, "version": 54}
{"obj": {"type": "LogFloats", "path": ["train", "mean_episodic_value_loss"], "values": [{"value": 0.017676107585430145, "step": null, "ts": 1642301188.800354}]}, "version": 55}
{"obj": {"type": "LogFloats", "path": ["train", "mean_episodic_policy_loss"], "values": [{"value": -0.6981794238090515, "step": null, "ts": 1642301188.800512}]}, "version": 56}
{"obj": {"type": "LogFloats", "path": ["monitoring", "cpu"], "values": [{"value": 23.4, "step": null, "ts": 1642301189.324097}]}, "version": 57}
{"obj": {"type": "LogFloats", "path": ["monitoring", "memory"], "values": [{"value": 6.032962799072266, "step": null, "ts": 1642301189.324097}]}, "version": 58}
{"obj": {"type": "LogFloats", "path": ["monitoring", "cpu"], "values": [{"value": 23.5, "step": null, "ts": 1642301199.327064}]}, "version": 59}
{"obj": {"type": "LogFloats", "path": ["monitoring", "memory"], "values": [{"value": 6.0774078369140625, "step": null, "ts": 1642301199.327064}]}, "version": 60}
{"obj": {"type": "LogFloats", "path": ["train", "episode_reward"], "values": [{"value": 695.8567373538385, "step": null, "ts": 1642301200.030228}]}, "version": 61}
{"obj": {"type": "LogFloats", "path": ["train", "mean_episodic_value_loss"], "values": [{"value": 0.012113591656088829, "step": null, "ts": 1642301200.066726}]}, "version": 62}
{"obj": {"type": "LogFloats", "path": ["train", "mean_episodic_policy_loss"], "values": [{"value": -0.7246770858764648, "step": null, "ts": 1642301200.066964}]}, "version": 63}
{"obj": {"type": "LogFloats", "path": ["monitoring", "cpu"], "values": [{"value": 21.5, "step": null, "ts": 1642301209.3306}]}, "version": 64}
{"obj": {"type": "LogFloats", "path": ["monitoring", "memory"], "values": [{"value": 6.0576629638671875, "step": null, "ts": 1642301209.3306}]}, "version": 65}
{"obj": {"type": "LogFloats", "path": ["train", "episode_reward"], "values": [{"value": 773.8234678491043, "step": null, "ts": 1642301210.9557152}]}, "version": 66}
{"obj": {"type": "LogFloats", "path": ["train", "mean_episodic_value_loss"], "values": [{"value": 0.009665421210229397, "step": null, "ts": 1642301210.9914382}]}, "version": 67}
{"obj": {"type": "LogFloats", "path": ["train", "mean_episodic_policy_loss"], "values": [{"value": -0.769648551940918, "step": null, "ts": 1642301210.991609}]}, "version": 68}
{"obj": {"type": "LogFloats", "path": ["monitoring", "cpu"], "values": [{"value": 24.3, "step": null, "ts": 1642301219.331699}]}, "version": 69}
{"obj": {"type": "LogFloats", "path": ["monitoring", "memory"], "values": [{"value": 6.059452056884766, "step": null, "ts": 1642301219.331699}]}, "version": 70}
{"obj": {"type": "LogFloats", "path": ["train", "episode_reward"], "values": [{"value": 842.3785064223696, "step": null, "ts": 1642301222.891156}]}, "version": 71}
{"obj": {"type": "LogFloats", "path": ["train", "mean_episodic_value_loss"], "values": [{"value": 0.009026105515658855, "step": null, "ts": 1642301222.9343371}]}, "version": 72}
{"obj": {"type": "LogFloats", "path": ["train", "mean_episodic_policy_loss"], "values": [{"value": -0.8008225560188293, "step": null, "ts": 1642301222.9345121}]}, "version": 73}
{"obj": {"type": "LogFloats", "path": ["monitoring", "cpu"], "values": [{"value": 27.4, "step": null, "ts": 1642301229.332824}]}, "version": 74}
{"obj": {"type": "LogFloats", "path": ["monitoring", "memory"], "values": [{"value": 6.04058837890625, "step": null, "ts": 1642301229.332824}]}, "version": 75}
{"obj": {"type": "LogFloats", "path": ["train", "episode_reward"], "values": [{"value": 876.5382393626957, "step": null, "ts": 1642301234.9893508}]}, "version": 76}
{"obj": {"type": "LogFloats", "path": ["train", "mean_episodic_value_loss"], "values": [{"value": 0.008061057887971401, "step": null, "ts": 1642301235.0269709}]}, "version": 77}
{"obj": {"type": "LogFloats", "path": ["train", "mean_episodic_policy_loss"], "values": [{"value": -0.8250939846038818, "step": null, "ts": 1642301235.027136}]}, "version": 78}
{"obj": {"type": "LogFloats", "path": ["monitoring", "cpu"], "values": [{"value": 31.8, "step": null, "ts": 1642301239.335538}]}, "version": 79}
{"obj": {"type": "LogFloats", "path": ["monitoring", "memory"], "values": [{"value": 6.057010650634766, "step": null, "ts": 1642301239.335538}]}, "version": 80}
{"obj": {"type": "LogFloats", "path": ["train", "episode_reward"], "values": [{"value": 888.9547848586392, "step": null, "ts": 1642301247.521891}]}, "version": 81}
{"obj": {"type": "LogFloats", "path": ["train", "mean_episodic_value_loss"], "values": [{"value": 0.02315613627433777, "step": null, "ts": 1642301247.558799}]}, "version": 82}
{"obj": {"type": "LogFloats", "path": ["train", "mean_episodic_policy_loss"], "values": [{"value": -0.9662454724311829, "step": null, "ts": 1642301247.5589561}]}, "version": 83}
{"obj": {"type": "LogFloats", "path": ["monitoring", "cpu"], "values": [{"value": 30.5, "step": null, "ts": 1642301249.338372}]}, "version": 84}
{"obj": {"type": "LogFloats", "path": ["monitoring", "memory"], "values": [{"value": 6.090267181396484, "step": null, "ts": 1642301249.338372}]}, "version": 85}
{"obj": {"type": "LogFloats", "path": ["monitoring", "cpu"], "values": [{"value": 39.3, "step": null, "ts": 1642301259.339387}]}, "version": 86}
{"obj": {"type": "LogFloats", "path": ["monitoring", "memory"], "values": [{"value": 5.884082794189453, "step": null, "ts": 1642301259.339387}]}, "version": 87}
{"obj": {"type": "LogFloats", "path": ["train", "episode_reward"], "values": [{"value": 847.1407595914394, "step": null, "ts": 1642301262.147064}]}, "version": 88}
{"obj": {"type": "LogFloats", "path": ["train", "mean_episodic_value_loss"], "values": [{"value": 0.05561362951993942, "step": null, "ts": 1642301262.18733}]}, "version": 89}
{"obj": {"type": "LogFloats", "path": ["train", "mean_episodic_policy_loss"], "values": [{"value": -1.7778350114822388, "step": null, "ts": 1642301262.187506}]}, "version": 90}
{"obj": {"type": "LogFloats", "path": ["monitoring", "cpu"], "values": [{"value": 29.4, "step": null, "ts": 1642301269.3442838}]}, "version": 91}
{"obj": {"type": "LogFloats", "path": ["monitoring", "memory"], "values": [{"value": 5.708747863769531, "step": null, "ts": 1642301269.3442838}]}, "version": 92}
{"obj": {"type": "LogFloats", "path": ["train", "episode_reward"], "values": [{"value": 800.9205225112212, "step": null, "ts": 1642301274.612383}]}, "version": 93}
{"obj": {"type": "LogFloats", "path": ["train", "mean_episodic_value_loss"], "values": [{"value": 0.042289603501558304, "step": null, "ts": 1642301274.658186}]}, "version": 94}
{"obj": {"type": "LogFloats", "path": ["train", "mean_episodic_policy_loss"], "values": [{"value": -1.7971001863479614, "step": null, "ts": 1642301274.6583612}]}, "version": 95}
{"obj": {"type": "LogFloats", "path": ["monitoring", "cpu"], "values": [{"value": 28.7, "step": null, "ts": 1642301279.349109}]}, "version": 96}
{"obj": {"type": "LogFloats", "path": ["monitoring", "memory"], "values": [{"value": 5.746002197265625, "step": null, "ts": 1642301279.349109}]}, "version": 97}
{"obj": {"type": "LogFloats", "path": ["train", "episode_reward"], "values": [{"value": 832.9424076133176, "step": null, "ts": 1642301287.196903}]}, "version": 98}
{"obj": {"type": "LogFloats", "path": ["train", "mean_episodic_value_loss"], "values": [{"value": 0.03584866225719452, "step": null, "ts": 1642301287.2442281}]}, "version": 99}
{"obj": {"type": "LogFloats", "path": ["train", "mean_episodic_policy_loss"], "values": [{"value": -1.8054375648498535, "step": null, "ts": 1642301287.244469}]}, "version": 100}
{"obj": {"type": "LogFloats", "path": ["monitoring", "cpu"], "values": [{"value": 26.6, "step": null, "ts": 1642301289.353039}]}, "version": 101}
{"obj": {"type": "LogFloats", "path": ["monitoring", "memory"], "values": [{"value": 5.826240539550781, "step": null, "ts": 1642301289.353039}]}, "version": 102}
{"obj": {"type": "LogFloats", "path": ["monitoring", "cpu"], "values": [{"value": 27.1, "step": null, "ts": 1642301299.3560371}]}, "version": 103}
{"obj": {"type": "LogFloats", "path": ["monitoring", "memory"], "values": [{"value": 5.791816711425781, "step": null, "ts": 1642301299.3560371}]}, "version": 104}
{"obj": {"type": "LogFloats", "path": ["train", "episode_reward"], "values": [{"value": 851.4278804920376, "step": null, "ts": 1642301299.514509}]}, "version": 105}
{"obj": {"type": "LogFloats", "path": ["train", "mean_episodic_value_loss"], "values": [{"value": 0.03141581267118454, "step": null, "ts": 1642301299.554205}]}, "version": 106}
{"obj": {"type": "LogFloats", "path": ["train", "mean_episodic_policy_loss"], "values": [{"value": -1.8136088848114014, "step": null, "ts": 1642301299.554389}]}, "version": 107}
{"obj": {"type": "LogFloats", "path": ["monitoring", "cpu"], "values": [{"value": 32.0, "step": null, "ts": 1642301309.360775}]}, "version": 108}
{"obj": {"type": "LogFloats", "path": ["monitoring", "memory"], "values": [{"value": 5.920818328857422, "step": null, "ts": 1642301309.360775}]}, "version": 109}
{"obj": {"type": "LogFloats", "path": ["train", "episode_reward"], "values": [{"value": 851.3626139635053, "step": null, "ts": 1642301312.510976}]}, "version": 110}
{"obj": {"type": "LogFloats", "path": ["train", "mean_episodic_value_loss"], "values": [{"value": 0.028336506336927414, "step": null, "ts": 1642301312.548503}]}, "version": 111}
{"obj": {"type": "LogFloats", "path": ["train", "mean_episodic_policy_loss"], "values": [{"value": -1.825609564781189, "step": null, "ts": 1642301312.548671}]}, "version": 112}
{"obj": {"type": "LogFloats", "path": ["monitoring", "cpu"], "values": [{"value": 19.3, "step": null, "ts": 1642301319.36359}]}, "version": 113}
{"obj": {"type": "LogFloats", "path": ["monitoring", "memory"], "values": [{"value": 5.794158935546875, "step": null, "ts": 1642301319.36359}]}, "version": 114}
{"obj": {"type": "LogFloats", "path": ["train", "episode_reward"], "values": [{"value": 848.5801293365046, "step": null, "ts": 1642301323.427208}]}, "version": 115}
{"obj": {"type": "LogFloats", "path": ["train", "mean_episodic_value_loss"], "values": [{"value": 0.02662528306245804, "step": null, "ts": 1642301323.46364}]}, "version": 116}
{"obj": {"type": "LogFloats", "path": ["train", "mean_episodic_policy_loss"], "values": [{"value": -1.8141087293624878, "step": null, "ts": 1642301323.463815}]}, "version": 117}
{"obj": {"type": "LogFloats", "path": ["monitoring", "cpu"], "values": [{"value": 18.7, "step": null, "ts": 1642301329.367737}]}, "version": 118}
{"obj": {"type": "LogFloats", "path": ["monitoring", "memory"], "values": [{"value": 5.808525085449219, "step": null, "ts": 1642301329.367737}]}, "version": 119}
{"obj": {"type": "LogFloats", "path": ["train", "episode_reward"], "values": [{"value": 890.1408190329432, "step": null, "ts": 1642301334.1449559}]}, "version": 120}
{"obj": {"type": "LogFloats", "path": ["train", "mean_episodic_value_loss"], "values": [{"value": 0.02569856494665146, "step": null, "ts": 1642301334.181678}]}, "version": 121}
{"obj": {"type": "LogFloats", "path": ["train", "mean_episodic_policy_loss"], "values": [{"value": -1.8044630289077759, "step": null, "ts": 1642301334.1818361}]}, "version": 122}
{"obj": {"type": "LogFloats", "path": ["monitoring", "cpu"], "values": [{"value": 18.4, "step": null, "ts": 1642301339.3687181}]}, "version": 123}
{"obj": {"type": "LogFloats", "path": ["monitoring", "memory"], "values": [{"value": 5.808269500732422, "step": null, "ts": 1642301339.3687181}]}, "version": 124}
{"obj": {"type": "LogFloats", "path": ["train", "episode_reward"], "values": [{"value": 900.9962583406335, "step": null, "ts": 1642301344.95628}]}, "version": 125}
{"obj": {"type": "LogFloats", "path": ["train", "mean_episodic_value_loss"], "values": [{"value": 0.024647878482937813, "step": null, "ts": 1642301344.9944599}]}, "version": 126}
{"obj": {"type": "LogFloats", "path": ["train", "mean_episodic_policy_loss"], "values": [{"value": -1.8002630472183228, "step": null, "ts": 1642301344.994621}]}, "version": 127}
{"obj": {"type": "LogFloats", "path": ["monitoring", "cpu"], "values": [{"value": 18.4, "step": null, "ts": 1642301349.3697028}]}, "version": 128}
{"obj": {"type": "LogFloats", "path": ["monitoring", "memory"], "values": [{"value": 5.81622314453125, "step": null, "ts": 1642301349.3697028}]}, "version": 129}
{"obj": {"type": "LogFloats", "path": ["train", "episode_reward"], "values": [{"value": 898.7556842998436, "step": null, "ts": 1642301355.854159}]}, "version": 130}
{"obj": {"type": "LogFloats", "path": ["train", "mean_episodic_value_loss"], "values": [{"value": 0.023400096222758293, "step": null, "ts": 1642301355.891319}]}, "version": 131}
{"obj": {"type": "LogFloats", "path": ["train", "mean_episodic_policy_loss"], "values": [{"value": -1.815571665763855, "step": null, "ts": 1642301355.891498}]}, "version": 132}
{"obj": {"type": "LogFloats", "path": ["monitoring", "cpu"], "values": [{"value": 18.6, "step": null, "ts": 1642301359.374133}]}, "version": 133}
{"obj": {"type": "LogFloats", "path": ["monitoring", "memory"], "values": [{"value": 5.831684112548828, "step": null, "ts": 1642301359.374133}]}, "version": 134}
{"obj": {"type": "LogFloats", "path": ["train", "episode_reward"], "values": [{"value": 881.2510068509624, "step": null, "ts": 1642301366.59619}]}, "version": 135}
{"obj": {"type": "LogFloats", "path": ["train", "mean_episodic_value_loss"], "values": [{"value": 0.03357487544417381, "step": null, "ts": 1642301366.633613}]}, "version": 136}
{"obj": {"type": "LogFloats", "path": ["train", "mean_episodic_policy_loss"], "values": [{"value": -1.9749271869659424, "step": null, "ts": 1642301366.633798}]}, "version": 137}
{"obj": {"type": "LogFloats", "path": ["monitoring", "cpu"], "values": [{"value": 18.6, "step": null, "ts": 1642301369.3772821}]}, "version": 138}
{"obj": {"type": "LogFloats", "path": ["monitoring", "memory"], "values": [{"value": 5.832645416259766, "step": null, "ts": 1642301369.3772821}]}, "version": 139}
{"obj": {"type": "LogFloats", "path": ["train", "episode_reward"], "values": [{"value": 896.1800533662794, "step": null, "ts": 1642301377.563753}]}, "version": 140}
{"obj": {"type": "LogFloats", "path": ["train", "mean_episodic_value_loss"], "values": [{"value": 0.05112571269273758, "step": null, "ts": 1642301377.603713}]}, "version": 141}
{"obj": {"type": "LogFloats", "path": ["train", "mean_episodic_policy_loss"], "values": [{"value": -2.8746836185455322, "step": null, "ts": 1642301377.603903}]}, "version": 142}
{"obj": {"type": "LogFloats", "path": ["monitoring", "cpu"], "values": [{"value": 19.2, "step": null, "ts": 1642301379.3814971}]}, "version": 143}
{"obj": {"type": "LogFloats", "path": ["monitoring", "memory"], "values": [{"value": 5.834678649902344, "step": null, "ts": 1642301379.3814971}]}, "version": 144}
{"obj": {"type": "LogFloats", "path": ["train", "episode_reward"], "values": [{"value": 916.547863247264, "step": null, "ts": 1642301388.887516}]}, "version": 145}
{"obj": {"type": "LogFloats", "path": ["train", "mean_episodic_value_loss"], "values": [{"value": 0.04205694794654846, "step": null, "ts": 1642301388.9260259}]}, "version": 146}
{"obj": {"type": "LogFloats", "path": ["train", "mean_episodic_policy_loss"], "values": [{"value": -2.8836207389831543, "step": null, "ts": 1642301388.926205}]}, "version": 147}
{"obj": {"type": "LogFloats", "path": ["monitoring", "cpu"], "values": [{"value": 19.8, "step": null, "ts": 1642301389.384233}]}, "version": 148}
{"obj": {"type": "LogFloats", "path": ["monitoring", "memory"], "values": [{"value": 5.978282928466797, "step": null, "ts": 1642301389.384233}]}, "version": 149}
{"obj": {"type": "LogFloats", "path": ["monitoring", "cpu"], "values": [{"value": 18.4, "step": null, "ts": 1642301399.3851619}]}, "version": 150}
{"obj": {"type": "LogFloats", "path": ["monitoring", "memory"], "values": [{"value": 5.899314880371094, "step": null, "ts": 1642301399.3851619}]}, "version": 151}
{"obj": {"type": "LogFloats", "path": ["train", "episode_reward"], "values": [{"value": 929.2959849187464, "step": null, "ts": 1642301400.123837}]}, "version": 152}
{"obj": {"type": "LogFloats", "path": ["train", "mean_episodic_value_loss"], "values": [{"value": 0.03664088994264603, "step": null, "ts": 1642301400.163105}]}, "version": 153}
{"obj": {"type": "LogFloats", "path": ["train", "mean_episodic_policy_loss"], "values": [{"value": -2.879842758178711, "step": null, "ts": 1642301400.163279}]}, "version": 154}
{"obj": {"type": "LogFloats", "path": ["monitoring", "cpu"], "values": [{"value": 21.2, "step": null, "ts": 1642301409.3884869}]}, "version": 155}
{"obj": {"type": "LogFloats", "path": ["monitoring", "memory"], "values": [{"value": 6.0028533935546875, "step": null, "ts": 1642301409.3884869}]}, "version": 156}
{"obj": {"type": "LogFloats", "path": ["train", "episode_reward"], "values": [{"value": 905.4121415012373, "step": null, "ts": 1642301411.654835}]}, "version": 157}
{"obj": {"type": "LogFloats", "path": ["train", "mean_episodic_value_loss"], "values": [{"value": 0.03342641890048981, "step": null, "ts": 1642301411.692779}]}, "version": 158}
{"obj": {"type": "LogFloats", "path": ["train", "mean_episodic_policy_loss"], "values": [{"value": -2.8761003017425537, "step": null, "ts": 1642301411.6929479}]}, "version": 159}
{"obj": {"type": "LogFloats", "path": ["monitoring", "cpu"], "values": [{"value": 26.9, "step": null, "ts": 1642301419.389039}]}, "version": 160}
{"obj": {"type": "LogFloats", "path": ["monitoring", "memory"], "values": [{"value": 6.05303955078125, "step": null, "ts": 1642301419.389039}]}, "version": 161}
{"obj": {"type": "LogFloats", "path": ["train", "episode_reward"], "values": [{"value": 883.8128788616601, "step": null, "ts": 1642301424.706325}]}, "version": 162}
{"obj": {"type": "LogFloats", "path": ["train", "mean_episodic_value_loss"], "values": [{"value": 0.03023645281791687, "step": null, "ts": 1642301424.746071}]}, "version": 163}
{"obj": {"type": "LogFloats", "path": ["train", "mean_episodic_policy_loss"], "values": [{"value": -2.8634259700775146, "step": null, "ts": 1642301424.74625}]}, "version": 164}
{"obj": {"type": "LogFloats", "path": ["monitoring", "cpu"], "values": [{"value": 27.2, "step": null, "ts": 1642301429.394291}]}, "version": 165}
{"obj": {"type": "LogFloats", "path": ["monitoring", "memory"], "values": [{"value": 6.000736236572266, "step": null, "ts": 1642301429.394291}]}, "version": 166}
{"obj": {"type": "LogFloats", "path": ["train", "episode_reward"], "values": [{"value": 893.7232847614637, "step": null, "ts": 1642301437.1745741}]}, "version": 167}
{"obj": {"type": "LogFloats", "path": ["train", "mean_episodic_value_loss"], "values": [{"value": 0.028104517608880997, "step": null, "ts": 1642301437.212487}]}, "version": 168}
{"obj": {"type": "LogFloats", "path": ["train", "mean_episodic_policy_loss"], "values": [{"value": -2.8534839153289795, "step": null, "ts": 1642301437.212659}]}, "version": 169}
{"obj": {"type": "LogFloats", "path": ["monitoring", "cpu"], "values": [{"value": 23.7, "step": null, "ts": 1642301439.399103}]}, "version": 170}
{"obj": {"type": "LogFloats", "path": ["monitoring", "memory"], "values": [{"value": 6.1940460205078125, "step": null, "ts": 1642301439.399103}]}, "version": 171}
{"obj": {"type": "LogStrings", "path": ["monitoring", "traceback"], "values": [{"value": "An uncaught exception occurred while run was active on worker Matthews-MacBook-Pro.local.", "step": null, "ts": 1642301443.6992571}, {"value": "Marking run as failed", "step": null, "ts": 1642301443.6992571}, {"value": "Traceback:", "step": null, "ts": 1642301443.6992571}, {"value": "  File \"ddpg-antv2.py\", line 130, in <module>\n    loss_value.backward()\n", "step": null, "ts": 1642301443.6992571}, {"value": "  File \"/Users/RAO/opt/anaconda3/lib/python3.8/site-packages/torch/tensor.py\", line 245, in backward\n    torch.autograd.backward(self, gradient, retain_graph, create_graph, inputs=inputs)\n", "step": null, "ts": 1642301443.6992571}, {"value": "  File \"/Users/RAO/opt/anaconda3/lib/python3.8/site-packages/torch/autograd/__init__.py\", line 145, in backward\n    Variable._execution_engine.run_backward(\n", "step": null, "ts": 1642301443.6992571}, {"value": "", "step": null, "ts": 1642301443.6992571}]}, "version": 172}
{"obj": {"type": "AssignBool", "path": ["sys", "failed"], "value": true}, "version": 173}
{"obj": {"type": "LogStrings", "path": ["monitoring", "stderr"], "values": [{"value": "Traceback (most recent call last):\n", "step": null, "ts": 1642301443.700066}]}, "version": 174}
{"obj": {"type": "LogStrings", "path": ["monitoring", "stderr"], "values": [{"value": "  File \"ddpg-antv2.py\", line 130, in <module>\n", "step": null, "ts": 1642301443.7001758}]}, "version": 175}
{"obj": {"type": "LogStrings", "path": ["monitoring", "stderr"], "values": [{"value": "    ", "step": null, "ts": 1642301443.7005088}]}, "version": 176}
{"obj": {"type": "LogStrings", "path": ["monitoring", "stderr"], "values": [{"value": "loss_value.backward()", "step": null, "ts": 1642301443.7006001}]}, "version": 177}
{"obj": {"type": "LogStrings", "path": ["monitoring", "stderr"], "values": [{"value": "\n", "step": null, "ts": 1642301443.7006788}]}, "version": 178}
{"obj": {"type": "LogStrings", "path": ["monitoring", "stderr"], "values": [{"value": "  File \"/Users/RAO/opt/anaconda3/lib/python3.8/site-packages/torch/tensor.py\", line 245, in backward\n", "step": null, "ts": 1642301443.700755}]}, "version": 179}
{"obj": {"type": "LogStrings", "path": ["monitoring", "stderr"], "values": [{"value": "    ", "step": null, "ts": 1642301443.70098}]}, "version": 180}
{"obj": {"type": "LogStrings", "path": ["monitoring", "stderr"], "values": [{"value": "torch.autograd.backward(self, gradient, retain_graph, create_graph, inputs=inputs)", "step": null, "ts": 1642301443.7010581}]}, "version": 181}
{"obj": {"type": "LogStrings", "path": ["monitoring", "stderr"], "values": [{"value": "\n", "step": null, "ts": 1642301443.701133}]}, "version": 182}
{"obj": {"type": "LogStrings", "path": ["monitoring", "stderr"], "values": [{"value": "  File \"/Users/RAO/opt/anaconda3/lib/python3.8/site-packages/torch/autograd/__init__.py\", line 145, in backward\n", "step": null, "ts": 1642301443.701208}]}, "version": 183}
{"obj": {"type": "LogStrings", "path": ["monitoring", "stderr"], "values": [{"value": "    ", "step": null, "ts": 1642301443.7014248}]}, "version": 184}
{"obj": {"type": "LogStrings", "path": ["monitoring", "stderr"], "values": [{"value": "Variable._execution_engine.run_backward(", "step": null, "ts": 1642301443.701503}]}, "version": 185}
{"obj": {"type": "LogStrings", "path": ["monitoring", "stderr"], "values": [{"value": "\n", "step": null, "ts": 1642301443.7016}]}, "version": 186}
{"obj": {"type": "LogStrings", "path": ["monitoring", "stderr"], "values": [{"value": "KeyboardInterrupt", "step": null, "ts": 1642301443.701813}]}, "version": 187}
{"obj": {"type": "LogStrings", "path": ["monitoring", "stderr"], "values": [{"value": "", "step": null, "ts": 1642301443.701898}]}, "version": 188}
{"obj": {"type": "LogStrings", "path": ["monitoring", "stderr"], "values": [{"value": "\n", "step": null, "ts": 1642301443.7019782}]}, "version": 189}
{"obj": {"type": "LogStrings", "path": ["monitoring", "stdout"], "values": [{"value": "", "step": null, "ts": 1642301443.7028239}]}, "version": 190}
{"obj": {"type": "LogStrings", "path": ["monitoring", "stdout"], "values": [{"value": "Shutting down background jobs, please wait a moment...\n", "step": null, "ts": 1642301443.703146}]}, "version": 191}
