{"obj": {"type": "AssignString", "path": ["sys", "name"], "value": "Untitled"}, "version": 1}
{"obj": {"type": "AssignString", "path": ["sys", "description"], "value": ""}, "version": 2}
{"obj": {"type": "AssignString", "path": ["sys", "hostname"], "value": "Matthews-MacBook-Pro.local"}, "version": 3}
{"obj": {"type": "AssignBool", "path": ["sys", "failed"], "value": false}, "version": 4}
{"obj": {"type": "ClearStringLog", "path": ["monitoring", "stdout"]}, "version": 5}
{"obj": {"type": "ClearStringLog", "path": ["monitoring", "stderr"]}, "version": 6}
{"obj": {"type": "AssignString", "path": ["source_code", "entrypoint"], "value": "ddpg-antv2.py"}, "version": 7}
{"obj": {"type": "UploadFileSet", "path": ["source_code", "files"], "file_globs": ["/Users/RAO/Documents/GitHub/DDPG_Antv2/ddpg-antv2.py"], "reset": "False"}, "version": 8}
{"obj": {"type": "LogStrings", "path": ["monitoring", "stderr"], "values": [{"value": "Info (NVML): NVML Shared Library Not Found. GPU usage metrics may not be reported. For more information, see https://docs.neptune.ai/you-should-know/what-can-you-log-and-display#hardware-consumption\n", "step": null, "ts": 1642611530.352413}]}, "version": 9}
{"obj": {"type": "ConfigFloatSeries", "path": ["monitoring", "cpu"], "min": 0.0, "max": 100.0, "unit": "%"}, "version": 10}
{"obj": {"type": "ClearFloatLog", "path": ["monitoring", "cpu"]}, "version": 11}
{"obj": {"type": "ConfigFloatSeries", "path": ["monitoring", "memory"], "min": 0.0, "max": 8.0, "unit": "GB"}, "version": 12}
{"obj": {"type": "ClearFloatLog", "path": ["monitoring", "memory"]}, "version": 13}
{"obj": {"type": "LogFloats", "path": ["monitoring", "cpu"], "values": [{"value": 11.4, "step": null, "ts": 1642611530.355287}]}, "version": 14}
{"obj": {"type": "LogFloats", "path": ["monitoring", "memory"], "values": [{"value": 5.651828765869141, "step": null, "ts": 1642611530.355287}]}, "version": 15}
{"obj": {"type": "AssignString", "path": ["network_hyperparameters", "Optimizer"], "value": "Adam"}, "version": 16}
{"obj": {"type": "AssignFloat", "path": ["network_hyperparameters", "Value-learning_rate"], "value": 0.0001}, "version": 17}
{"obj": {"type": "AssignFloat", "path": ["network_hyperparameters", "Policy-learning_rate"], "value": 0.0001}, "version": 18}
{"obj": {"type": "AssignString", "path": ["network_hyperparameters", "loss_fn_value"], "value": "MSE"}, "version": 19}
{"obj": {"type": "AssignString", "path": ["network_sizes", "ValueNet_size"], "value": "(119,400,300,1)"}, "version": 20}
{"obj": {"type": "AssignString", "path": ["network_sizes", "PolicyNet_size"], "value": "(111,400,300,8)"}, "version": 21}
{"obj": {"type": "AssignInt", "path": ["buffer_parameters", "buffer_maxsize"], "value": 15000}, "version": 22}
{"obj": {"type": "AssignInt", "path": ["buffer_parameters", "batch_size"], "value": 128}, "version": 23}
{"obj": {"type": "AssignInt", "path": ["buffer_parameters", "min_size_train"], "value": 1000}, "version": 24}
{"obj": {"type": "AssignFloat", "path": ["policy_parameters", "exploration_noise"], "value": 0.1}, "version": 25}
{"obj": {"type": "AssignFloat", "path": ["policy_parameters", "policy_smoothing"], "value": 0.1}, "version": 26}
{"obj": {"type": "AssignFloat", "path": ["environment_parameters", "gamma"], "value": 0.99}, "version": 27}
{"obj": {"type": "AssignString", "path": ["environment_parameters", "env_name"], "value": "Ant-v2"}, "version": 28}
{"obj": {"type": "AssignInt", "path": ["environment_parameters", "episodes"], "value": 1000}, "version": 29}
{"obj": {"type": "AssignFloat", "path": ["environment_parameters", "gamma"], "value": 0.99}, "version": 30}
{"obj": {"type": "AssignString", "path": ["environment_parameters", "env_name"], "value": "Ant-v2"}, "version": 31}
{"obj": {"type": "AssignInt", "path": ["environment_parameters", "episodes"], "value": 1000}, "version": 32}
{"obj": {"type": "LogFloats", "path": ["train", "episode_reward"], "values": [{"value": 978.916995676336, "step": null, "ts": 1642611531.88259}]}, "version": 33}
{"obj": {"type": "LogFloats", "path": ["train", "mean_episodic_value_loss"], "values": [{"value": 0.0, "step": null, "ts": 1642611531.882758}]}, "version": 34}
{"obj": {"type": "LogFloats", "path": ["train", "mean_episodic_policy_loss"], "values": [{"value": 0.0, "step": null, "ts": 1642611531.882848}]}, "version": 35}
{"obj": {"type": "LogFloats", "path": ["monitoring", "cpu"], "values": [{"value": 19.0, "step": null, "ts": 1642611540.3568}]}, "version": 36}
{"obj": {"type": "LogFloats", "path": ["monitoring", "memory"], "values": [{"value": 5.740772247314453, "step": null, "ts": 1642611540.3568}]}, "version": 37}
{"obj": {"type": "LogFloats", "path": ["train", "episode_reward"], "values": [{"value": -332.0226690356788, "step": null, "ts": 1642611543.7020109}]}, "version": 38}
{"obj": {"type": "LogFloats", "path": ["train", "mean_episodic_value_loss"], "values": [{"value": 0.09504636377096176, "step": null, "ts": 1642611543.707447}]}, "version": 39}
{"obj": {"type": "LogFloats", "path": ["train", "mean_episodic_policy_loss"], "values": [{"value": -0.829425573348999, "step": null, "ts": 1642611543.7075672}]}, "version": 40}
{"obj": {"type": "LogFloats", "path": ["monitoring", "cpu"], "values": [{"value": 24.3, "step": null, "ts": 1642611550.36238}]}, "version": 41}
{"obj": {"type": "LogFloats", "path": ["monitoring", "memory"], "values": [{"value": 5.696674346923828, "step": null, "ts": 1642611550.36238}]}, "version": 42}
{"obj": {"type": "LogFloats", "path": ["train", "episode_reward"], "values": [{"value": -246.64512314866468, "step": null, "ts": 1642611556.790835}]}, "version": 43}
{"obj": {"type": "LogFloats", "path": ["train", "mean_episodic_value_loss"], "values": [{"value": 0.02505594864487648, "step": null, "ts": 1642611556.794057}]}, "version": 44}
{"obj": {"type": "LogFloats", "path": ["train", "mean_episodic_policy_loss"], "values": [{"value": -0.8704853653907776, "step": null, "ts": 1642611556.794198}]}, "version": 45}
{"obj": {"type": "LogFloats", "path": ["monitoring", "cpu"], "values": [{"value": 41.0, "step": null, "ts": 1642611560.363789}]}, "version": 46}
{"obj": {"type": "LogFloats", "path": ["monitoring", "memory"], "values": [{"value": 5.843257904052734, "step": null, "ts": 1642611560.363789}]}, "version": 47}
{"obj": {"type": "LogFloats", "path": ["monitoring", "cpu"], "values": [{"value": 37.8, "step": null, "ts": 1642611570.365062}]}, "version": 48}
{"obj": {"type": "LogFloats", "path": ["monitoring", "memory"], "values": [{"value": 5.820674896240234, "step": null, "ts": 1642611570.365062}]}, "version": 49}
{"obj": {"type": "LogFloats", "path": ["train", "episode_reward"], "values": [{"value": 135.62017296320968, "step": null, "ts": 1642611571.7409668}]}, "version": 50}
{"obj": {"type": "LogFloats", "path": ["train", "mean_episodic_value_loss"], "values": [{"value": 0.023449653759598732, "step": null, "ts": 1642611571.7442062}]}, "version": 51}
{"obj": {"type": "LogFloats", "path": ["train", "mean_episodic_policy_loss"], "values": [{"value": -1.3102110624313354, "step": null, "ts": 1642611571.744343}]}, "version": 52}
{"obj": {"type": "LogFloats", "path": ["monitoring", "cpu"], "values": [{"value": 25.8, "step": null, "ts": 1642611580.367888}]}, "version": 53}
{"obj": {"type": "LogFloats", "path": ["monitoring", "memory"], "values": [{"value": 5.755897521972656, "step": null, "ts": 1642611580.367888}]}, "version": 54}
{"obj": {"type": "LogFloats", "path": ["train", "episode_reward"], "values": [{"value": 552.5343298481738, "step": null, "ts": 1642611583.552502}]}, "version": 55}
{"obj": {"type": "LogFloats", "path": ["train", "mean_episodic_value_loss"], "values": [{"value": 0.03760818392038345, "step": null, "ts": 1642611583.5556648}]}, "version": 56}
{"obj": {"type": "LogFloats", "path": ["train", "mean_episodic_policy_loss"], "values": [{"value": -1.531858205795288, "step": null, "ts": 1642611583.5557828}]}, "version": 57}
{"obj": {"type": "LogFloats", "path": ["monitoring", "cpu"], "values": [{"value": 24.1, "step": null, "ts": 1642611590.369549}]}, "version": 58}
{"obj": {"type": "LogFloats", "path": ["monitoring", "memory"], "values": [{"value": 5.8721771240234375, "step": null, "ts": 1642611590.369549}]}, "version": 59}
{"obj": {"type": "LogFloats", "path": ["train", "episode_reward"], "values": [{"value": 1191.3304066964267, "step": null, "ts": 1642611595.596085}]}, "version": 60}
{"obj": {"type": "LogFloats", "path": ["train", "mean_episodic_value_loss"], "values": [{"value": 0.05132625624537468, "step": null, "ts": 1642611595.599301}]}, "version": 61}
{"obj": {"type": "LogFloats", "path": ["train", "mean_episodic_policy_loss"], "values": [{"value": -1.7920453548431396, "step": null, "ts": 1642611595.599413}]}, "version": 62}
{"obj": {"type": "LogFloats", "path": ["monitoring", "cpu"], "values": [{"value": 27.5, "step": null, "ts": 1642611600.370031}]}, "version": 63}
{"obj": {"type": "LogFloats", "path": ["monitoring", "memory"], "values": [{"value": 5.792690277099609, "step": null, "ts": 1642611600.370031}]}, "version": 64}
{"obj": {"type": "LogFloats", "path": ["train", "episode_reward"], "values": [{"value": 1910.4266751848852, "step": null, "ts": 1642611608.0802088}]}, "version": 65}
{"obj": {"type": "LogFloats", "path": ["train", "mean_episodic_value_loss"], "values": [{"value": 0.06356891989707947, "step": null, "ts": 1642611608.0832782}]}, "version": 66}
{"obj": {"type": "LogFloats", "path": ["train", "mean_episodic_policy_loss"], "values": [{"value": -2.1431572437286377, "step": null, "ts": 1642611608.08339}]}, "version": 67}
{"obj": {"type": "LogFloats", "path": ["monitoring", "cpu"], "values": [{"value": 25.9, "step": null, "ts": 1642611610.372153}]}, "version": 68}
{"obj": {"type": "LogFloats", "path": ["monitoring", "memory"], "values": [{"value": 6.003608703613281, "step": null, "ts": 1642611610.372153}]}, "version": 69}
{"obj": {"type": "LogFloats", "path": ["monitoring", "cpu"], "values": [{"value": 21.4, "step": null, "ts": 1642611620.3770502}]}, "version": 70}
{"obj": {"type": "LogFloats", "path": ["monitoring", "memory"], "values": [{"value": 5.798393249511719, "step": null, "ts": 1642611620.3770502}]}, "version": 71}
{"obj": {"type": "LogFloats", "path": ["train", "episode_reward"], "values": [{"value": 2701.2071184676333, "step": null, "ts": 1642611620.3904269}]}, "version": 72}
{"obj": {"type": "LogFloats", "path": ["train", "mean_episodic_value_loss"], "values": [{"value": 0.06597209721803665, "step": null, "ts": 1642611620.393656}]}, "version": 73}
{"obj": {"type": "LogFloats", "path": ["train", "mean_episodic_policy_loss"], "values": [{"value": -2.5994133949279785, "step": null, "ts": 1642611620.393779}]}, "version": 74}
{"obj": {"type": "LogFloats", "path": ["monitoring", "cpu"], "values": [{"value": 22.6, "step": null, "ts": 1642611630.377526}]}, "version": 75}
{"obj": {"type": "LogFloats", "path": ["monitoring", "memory"], "values": [{"value": 5.826396942138672, "step": null, "ts": 1642611630.377526}]}, "version": 76}
{"obj": {"type": "LogFloats", "path": ["train", "episode_reward"], "values": [{"value": 3497.8826447870492, "step": null, "ts": 1642611632.542232}]}, "version": 77}
{"obj": {"type": "LogFloats", "path": ["train", "mean_episodic_value_loss"], "values": [{"value": 0.07299984991550446, "step": null, "ts": 1642611632.5454981}]}, "version": 78}
{"obj": {"type": "LogFloats", "path": ["train", "mean_episodic_policy_loss"], "values": [{"value": -3.0835518836975098, "step": null, "ts": 1642611632.545642}]}, "version": 79}
{"obj": {"type": "LogFloats", "path": ["monitoring", "cpu"], "values": [{"value": 25.4, "step": null, "ts": 1642611640.378499}]}, "version": 80}
{"obj": {"type": "LogFloats", "path": ["monitoring", "memory"], "values": [{"value": 5.777675628662109, "step": null, "ts": 1642611640.378499}]}, "version": 81}
{"obj": {"type": "LogFloats", "path": ["train", "episode_reward"], "values": [{"value": 4298.370416205433, "step": null, "ts": 1642611644.886042}]}, "version": 82}
{"obj": {"type": "LogFloats", "path": ["train", "mean_episodic_value_loss"], "values": [{"value": 0.07561498880386353, "step": null, "ts": 1642611644.889152}]}, "version": 83}
{"obj": {"type": "LogFloats", "path": ["train", "mean_episodic_policy_loss"], "values": [{"value": -3.556462287902832, "step": null, "ts": 1642611644.889279}]}, "version": 84}
{"obj": {"type": "LogFloats", "path": ["monitoring", "cpu"], "values": [{"value": 24.1, "step": null, "ts": 1642611650.3799381}]}, "version": 85}
{"obj": {"type": "LogFloats", "path": ["monitoring", "memory"], "values": [{"value": 5.934726715087891, "step": null, "ts": 1642611650.3799381}]}, "version": 86}
{"obj": {"type": "LogFloats", "path": ["train", "episode_reward"], "values": [{"value": 5122.630049482801, "step": null, "ts": 1642611657.0908558}]}, "version": 87}
{"obj": {"type": "LogFloats", "path": ["train", "mean_episodic_value_loss"], "values": [{"value": 0.08297839015722275, "step": null, "ts": 1642611657.0940318}]}, "version": 88}
{"obj": {"type": "LogFloats", "path": ["train", "mean_episodic_policy_loss"], "values": [{"value": -4.051354885101318, "step": null, "ts": 1642611657.0942059}]}, "version": 89}
{"obj": {"type": "LogFloats", "path": ["monitoring", "cpu"], "values": [{"value": 24.2, "step": null, "ts": 1642611660.381288}]}, "version": 90}
{"obj": {"type": "LogFloats", "path": ["monitoring", "memory"], "values": [{"value": 5.946685791015625, "step": null, "ts": 1642611660.381288}]}, "version": 91}
{"obj": {"type": "LogFloats", "path": ["train", "episode_reward"], "values": [{"value": 5945.39003672608, "step": null, "ts": 1642611669.4834628}]}, "version": 92}
{"obj": {"type": "LogFloats", "path": ["train", "mean_episodic_value_loss"], "values": [{"value": 0.09072078764438629, "step": null, "ts": 1642611669.4865448}]}, "version": 93}
{"obj": {"type": "LogFloats", "path": ["train", "mean_episodic_policy_loss"], "values": [{"value": -4.537932872772217, "step": null, "ts": 1642611669.48667}]}, "version": 94}
{"obj": {"type": "LogFloats", "path": ["monitoring", "cpu"], "values": [{"value": 24.8, "step": null, "ts": 1642611670.386373}]}, "version": 95}
{"obj": {"type": "LogFloats", "path": ["monitoring", "memory"], "values": [{"value": 5.981502532958984, "step": null, "ts": 1642611670.386373}]}, "version": 96}
{"obj": {"type": "LogFloats", "path": ["monitoring", "cpu"], "values": [{"value": 24.8, "step": null, "ts": 1642611680.3905962}]}, "version": 97}
{"obj": {"type": "LogFloats", "path": ["monitoring", "memory"], "values": [{"value": 5.8361358642578125, "step": null, "ts": 1642611680.3905962}]}, "version": 98}
{"obj": {"type": "LogFloats", "path": ["train", "episode_reward"], "values": [{"value": 6776.617245646325, "step": null, "ts": 1642611681.8059661}]}, "version": 99}
{"obj": {"type": "LogFloats", "path": ["train", "mean_episodic_value_loss"], "values": [{"value": 0.09261962026357651, "step": null, "ts": 1642611681.809173}]}, "version": 100}
{"obj": {"type": "LogFloats", "path": ["train", "mean_episodic_policy_loss"], "values": [{"value": -5.015866756439209, "step": null, "ts": 1642611681.809319}]}, "version": 101}
{"obj": {"type": "LogStrings", "path": ["monitoring", "traceback"], "values": [{"value": "An uncaught exception occurred while run was active on worker Matthews-MacBook-Pro.local.", "step": null, "ts": 1642611687.9534369}, {"value": "Marking run as failed", "step": null, "ts": 1642611687.9534369}, {"value": "Traceback:", "step": null, "ts": 1642611687.9534369}, {"value": "  File \"ddpg-antv2.py\", line 199, in <module>\n    training_loop.training_loop()\n", "step": null, "ts": 1642611687.9534369}, {"value": "  File \"ddpg-antv2.py\", line 186, in training_loop\n    self.train_policy()\n", "step": null, "ts": 1642611687.9534369}, {"value": "  File \"ddpg-antv2.py\", line 127, in train_policy\n    loss_policy.backward()\n", "step": null, "ts": 1642611687.9534369}, {"value": "  File \"/Users/RAO/opt/anaconda3/lib/python3.8/site-packages/torch/tensor.py\", line 245, in backward\n    torch.autograd.backward(self, gradient, retain_graph, create_graph, inputs=inputs)\n", "step": null, "ts": 1642611687.9534369}, {"value": "  File \"/Users/RAO/opt/anaconda3/lib/python3.8/site-packages/torch/autograd/__init__.py\", line 145, in backward\n    Variable._execution_engine.run_backward(\n", "step": null, "ts": 1642611687.9534369}, {"value": "", "step": null, "ts": 1642611687.9534369}]}, "version": 102}
{"obj": {"type": "AssignBool", "path": ["sys", "failed"], "value": true}, "version": 103}
{"obj": {"type": "LogStrings", "path": ["monitoring", "stderr"], "values": [{"value": "Traceback (most recent call last):\n", "step": null, "ts": 1642611687.953805}]}, "version": 104}
{"obj": {"type": "LogStrings", "path": ["monitoring", "stderr"], "values": [{"value": "  File \"ddpg-antv2.py\", line 199, in <module>\n", "step": null, "ts": 1642611687.9539142}]}, "version": 105}
{"obj": {"type": "LogStrings", "path": ["monitoring", "stderr"], "values": [{"value": "    ", "step": null, "ts": 1642611687.954158}]}, "version": 106}
{"obj": {"type": "LogStrings", "path": ["monitoring", "stderr"], "values": [{"value": "training_loop.training_loop()", "step": null, "ts": 1642611687.95424}]}, "version": 107}
{"obj": {"type": "LogStrings", "path": ["monitoring", "stderr"], "values": [{"value": "\n", "step": null, "ts": 1642611687.954317}]}, "version": 108}
{"obj": {"type": "LogStrings", "path": ["monitoring", "stderr"], "values": [{"value": "  File \"ddpg-antv2.py\", line 186, in training_loop\n", "step": null, "ts": 1642611687.954392}]}, "version": 109}
{"obj": {"type": "LogStrings", "path": ["monitoring", "stderr"], "values": [{"value": "    ", "step": null, "ts": 1642611687.954588}]}, "version": 110}
{"obj": {"type": "LogStrings", "path": ["monitoring", "stderr"], "values": [{"value": "self.train_policy()", "step": null, "ts": 1642611687.954666}]}, "version": 111}
{"obj": {"type": "LogStrings", "path": ["monitoring", "stderr"], "values": [{"value": "\n", "step": null, "ts": 1642611687.954755}]}, "version": 112}
{"obj": {"type": "LogStrings", "path": ["monitoring", "stderr"], "values": [{"value": "  File \"ddpg-antv2.py\", line 127, in train_policy\n", "step": null, "ts": 1642611687.954828}]}, "version": 113}
{"obj": {"type": "LogStrings", "path": ["monitoring", "stderr"], "values": [{"value": "    ", "step": null, "ts": 1642611687.954992}]}, "version": 114}
{"obj": {"type": "LogStrings", "path": ["monitoring", "stderr"], "values": [{"value": "loss_policy.backward()", "step": null, "ts": 1642611687.955064}]}, "version": 115}
{"obj": {"type": "LogStrings", "path": ["monitoring", "stderr"], "values": [{"value": "\n", "step": null, "ts": 1642611687.9551501}]}, "version": 116}
{"obj": {"type": "LogStrings", "path": ["monitoring", "stderr"], "values": [{"value": "  File \"/Users/RAO/opt/anaconda3/lib/python3.8/site-packages/torch/tensor.py\", line 245, in backward\n", "step": null, "ts": 1642611687.9552372}]}, "version": 117}
{"obj": {"type": "LogStrings", "path": ["monitoring", "stderr"], "values": [{"value": "    ", "step": null, "ts": 1642611687.9554439}]}, "version": 118}
{"obj": {"type": "LogStrings", "path": ["monitoring", "stderr"], "values": [{"value": "torch.autograd.backward(self, gradient, retain_graph, create_graph, inputs=inputs)", "step": null, "ts": 1642611687.955518}]}, "version": 119}
{"obj": {"type": "LogStrings", "path": ["monitoring", "stderr"], "values": [{"value": "\n", "step": null, "ts": 1642611687.9555898}]}, "version": 120}
{"obj": {"type": "LogStrings", "path": ["monitoring", "stderr"], "values": [{"value": "  File \"/Users/RAO/opt/anaconda3/lib/python3.8/site-packages/torch/autograd/__init__.py\", line 145, in backward\n", "step": null, "ts": 1642611687.9556632}]}, "version": 121}
{"obj": {"type": "LogStrings", "path": ["monitoring", "stderr"], "values": [{"value": "    ", "step": null, "ts": 1642611687.955845}]}, "version": 122}
{"obj": {"type": "LogStrings", "path": ["monitoring", "stderr"], "values": [{"value": "Variable._execution_engine.run_backward(", "step": null, "ts": 1642611687.955919}]}, "version": 123}
{"obj": {"type": "LogStrings", "path": ["monitoring", "stderr"], "values": [{"value": "\n", "step": null, "ts": 1642611687.95599}]}, "version": 124}
{"obj": {"type": "LogStrings", "path": ["monitoring", "stderr"], "values": [{"value": "KeyboardInterrupt", "step": null, "ts": 1642611687.956075}]}, "version": 125}
{"obj": {"type": "LogStrings", "path": ["monitoring", "stderr"], "values": [{"value": "", "step": null, "ts": 1642611687.9561422}]}, "version": 126}
{"obj": {"type": "LogStrings", "path": ["monitoring", "stderr"], "values": [{"value": "\n", "step": null, "ts": 1642611687.9562109}]}, "version": 127}
{"obj": {"type": "LogStrings", "path": ["monitoring", "stdout"], "values": [{"value": "", "step": null, "ts": 1642611687.956395}]}, "version": 128}
{"obj": {"type": "LogStrings", "path": ["monitoring", "stdout"], "values": [{"value": "Shutting down background jobs, please wait a moment...\n", "step": null, "ts": 1642611687.9565299}]}, "version": 129}
